2025-02-19 13:23:30,064 [INFO] - 127.0.0.1 - - [19/Feb/2025 13:23:30] "[31m[1mDELETE /schools/2 HTTP/1.1[0m" 405 -
2025-02-19 13:23:40,547 [INFO] - 127.0.0.1 - - [19/Feb/2025 13:23:40] "DELETE /schools/2/delete HTTP/1.1" 200 -
2025-02-19 13:23:44,018 [INFO] - 127.0.0.1 - - [19/Feb/2025 13:23:44] "[33mDELETE /schools/2/delete HTTP/1.1[0m" 404 -
2025-02-19 13:26:03,893 [INFO] -  * Detected change in '/home/juste/appython/recycy/app/routes/main/school_routes.py', reloading
2025-02-19 13:26:04,484 [INFO] -  * Restarting with stat
2025-02-19 13:26:05,346 [DEBUG] - Falling back to TensorFlow client; we recommended you install the Cloud TPU client directly with pip install cloud-tpu-client.
2025-02-19 13:26:05,469 [DEBUG] - Creating converter from 7 to 5
2025-02-19 13:26:05,469 [DEBUG] - Creating converter from 5 to 7
2025-02-19 13:26:05,469 [DEBUG] - Creating converter from 7 to 5
2025-02-19 13:26:05,469 [DEBUG] - Creating converter from 5 to 7
2025-02-19 13:26:06,001 [DEBUG] - Creating converter from 3 to 5
2025-02-19 13:26:06,475 [WARNING] - Compiled the loaded model, but the compiled metrics have yet to be built. `model.compile_metrics` will be empty until you train or evaluate the model.
2025-02-19 13:26:06,501 [WARNING] -  * Debugger is active!
2025-02-19 13:26:06,503 [INFO] -  * Debugger PIN: 110-150-513
2025-02-19 13:27:12,060 [INFO] -  * Detected change in '/home/juste/appython/recycy/app/routes/main/school_routes.py', reloading
2025-02-19 13:27:12,465 [INFO] -  * Restarting with stat
2025-02-19 13:27:13,230 [DEBUG] - Falling back to TensorFlow client; we recommended you install the Cloud TPU client directly with pip install cloud-tpu-client.
2025-02-19 13:27:13,338 [DEBUG] - Creating converter from 7 to 5
2025-02-19 13:27:13,338 [DEBUG] - Creating converter from 5 to 7
2025-02-19 13:27:13,338 [DEBUG] - Creating converter from 7 to 5
2025-02-19 13:27:13,338 [DEBUG] - Creating converter from 5 to 7
2025-02-19 13:27:13,759 [DEBUG] - Creating converter from 3 to 5
2025-02-19 13:27:14,221 [WARNING] - Compiled the loaded model, but the compiled metrics have yet to be built. `model.compile_metrics` will be empty until you train or evaluate the model.
2025-02-19 13:27:14,249 [WARNING] -  * Debugger is active!
2025-02-19 13:27:14,251 [INFO] -  * Debugger PIN: 110-150-513
2025-02-19 13:27:52,149 [INFO] -  * Detected change in '/home/juste/appython/recycy/app/routes/main/school_routes.py', reloading
2025-02-19 13:27:52,581 [INFO] -  * Restarting with stat
2025-02-19 13:27:53,389 [DEBUG] - Falling back to TensorFlow client; we recommended you install the Cloud TPU client directly with pip install cloud-tpu-client.
2025-02-19 13:27:53,495 [DEBUG] - Creating converter from 7 to 5
2025-02-19 13:27:53,495 [DEBUG] - Creating converter from 5 to 7
2025-02-19 13:27:53,495 [DEBUG] - Creating converter from 7 to 5
2025-02-19 13:27:53,495 [DEBUG] - Creating converter from 5 to 7
2025-02-19 13:27:53,899 [DEBUG] - Creating converter from 3 to 5
2025-02-19 13:27:54,406 [WARNING] - Compiled the loaded model, but the compiled metrics have yet to be built. `model.compile_metrics` will be empty until you train or evaluate the model.
2025-02-19 13:27:54,434 [WARNING] -  * Debugger is active!
2025-02-19 13:27:54,436 [INFO] -  * Debugger PIN: 110-150-513
2025-02-19 13:30:10,961 [INFO] -  * Detected change in '/home/juste/appython/recycy/app/__init__.py', reloading
2025-02-19 13:30:11,530 [INFO] -  * Restarting with stat
2025-02-19 13:40:00,956 [DEBUG] - Falling back to TensorFlow client; we recommended you install the Cloud TPU client directly with pip install cloud-tpu-client.
2025-02-19 13:40:01,074 [DEBUG] - Creating converter from 7 to 5
2025-02-19 13:40:01,074 [DEBUG] - Creating converter from 5 to 7
2025-02-19 13:40:01,075 [DEBUG] - Creating converter from 7 to 5
2025-02-19 13:40:01,075 [DEBUG] - Creating converter from 5 to 7
2025-02-19 13:40:01,549 [DEBUG] - Creating converter from 3 to 5
2025-02-19 13:40:02,007 [WARNING] - Compiled the loaded model, but the compiled metrics have yet to be built. `model.compile_metrics` will be empty until you train or evaluate the model.
2025-02-19 13:50:50,696 [DEBUG] - Falling back to TensorFlow client; we recommended you install the Cloud TPU client directly with pip install cloud-tpu-client.
2025-02-19 13:50:50,808 [DEBUG] - Creating converter from 7 to 5
2025-02-19 13:50:50,808 [DEBUG] - Creating converter from 5 to 7
2025-02-19 13:50:50,808 [DEBUG] - Creating converter from 7 to 5
2025-02-19 13:50:50,808 [DEBUG] - Creating converter from 5 to 7
2025-02-19 13:50:51,228 [DEBUG] - Creating converter from 3 to 5
2025-02-19 13:50:51,637 [WARNING] - Compiled the loaded model, but the compiled metrics have yet to be built. `model.compile_metrics` will be empty until you train or evaluate the model.
2025-02-19 13:51:55,330 [DEBUG] - Falling back to TensorFlow client; we recommended you install the Cloud TPU client directly with pip install cloud-tpu-client.
2025-02-19 13:51:55,435 [DEBUG] - Creating converter from 7 to 5
2025-02-19 13:51:55,436 [DEBUG] - Creating converter from 5 to 7
2025-02-19 13:51:55,436 [DEBUG] - Creating converter from 7 to 5
2025-02-19 13:51:55,436 [DEBUG] - Creating converter from 5 to 7
2025-02-19 13:51:55,844 [DEBUG] - Creating converter from 3 to 5
2025-02-19 13:51:56,261 [WARNING] - Compiled the loaded model, but the compiled metrics have yet to be built. `model.compile_metrics` will be empty until you train or evaluate the model.
2025-02-19 13:52:38,235 [DEBUG] - Falling back to TensorFlow client; we recommended you install the Cloud TPU client directly with pip install cloud-tpu-client.
2025-02-19 13:52:38,342 [DEBUG] - Creating converter from 7 to 5
2025-02-19 13:52:38,342 [DEBUG] - Creating converter from 5 to 7
2025-02-19 13:52:38,342 [DEBUG] - Creating converter from 7 to 5
2025-02-19 13:52:38,342 [DEBUG] - Creating converter from 5 to 7
2025-02-19 13:52:38,743 [DEBUG] - Creating converter from 3 to 5
2025-02-19 13:52:39,145 [WARNING] - Compiled the loaded model, but the compiled metrics have yet to be built. `model.compile_metrics` will be empty until you train or evaluate the model.
2025-02-19 13:53:01,878 [DEBUG] - Falling back to TensorFlow client; we recommended you install the Cloud TPU client directly with pip install cloud-tpu-client.
2025-02-19 13:53:01,982 [DEBUG] - Creating converter from 7 to 5
2025-02-19 13:53:01,982 [DEBUG] - Creating converter from 5 to 7
2025-02-19 13:53:01,982 [DEBUG] - Creating converter from 7 to 5
2025-02-19 13:53:01,982 [DEBUG] - Creating converter from 5 to 7
2025-02-19 13:53:02,385 [DEBUG] - Creating converter from 3 to 5
2025-02-19 13:53:02,799 [WARNING] - Compiled the loaded model, but the compiled metrics have yet to be built. `model.compile_metrics` will be empty until you train or evaluate the model.
2025-02-19 13:53:02,824 [INFO] - [31m[1mWARNING: This is a development server. Do not use it in a production deployment. Use a production WSGI server instead.[0m
 * Running on all addresses (0.0.0.0)
 * Running on http://127.0.0.1:5000
 * Running on http://192.168.10.106:5000
2025-02-19 13:53:02,824 [INFO] - [33mPress CTRL+C to quit[0m
2025-02-19 13:53:02,824 [INFO] -  * Restarting with stat
2025-02-19 13:53:03,562 [DEBUG] - Falling back to TensorFlow client; we recommended you install the Cloud TPU client directly with pip install cloud-tpu-client.
2025-02-19 13:53:03,670 [DEBUG] - Creating converter from 7 to 5
2025-02-19 13:53:03,670 [DEBUG] - Creating converter from 5 to 7
2025-02-19 13:53:03,670 [DEBUG] - Creating converter from 7 to 5
2025-02-19 13:53:03,670 [DEBUG] - Creating converter from 5 to 7
2025-02-19 13:53:04,079 [DEBUG] - Creating converter from 3 to 5
2025-02-19 13:53:04,521 [WARNING] - Compiled the loaded model, but the compiled metrics have yet to be built. `model.compile_metrics` will be empty until you train or evaluate the model.
2025-02-19 13:53:04,550 [WARNING] -  * Debugger is active!
2025-02-19 13:53:04,552 [INFO] -  * Debugger PIN: 110-150-513
2025-02-19 13:53:11,863 [INFO] - 127.0.0.1 - - [19/Feb/2025 13:53:11] "[31m[1mPOST /modules HTTP/1.1[0m" 405 -
2025-02-19 13:53:21,802 [INFO] - 127.0.0.1 - - [19/Feb/2025 13:53:21] "[31m[1mPOST /modules/create HTTP/1.1[0m" 401 -
2025-02-19 13:54:05,273 [INFO] - 127.0.0.1 - - [19/Feb/2025 13:54:05] "[35m[1mPOST /modules/create HTTP/1.1[0m" 500 -
2025-02-19 13:54:20,178 [INFO] -  * Detected change in '/home/juste/appython/recycy/app/routes/main/school_routes.py', reloading
2025-02-19 13:54:20,618 [INFO] -  * Restarting with stat
2025-02-19 13:54:21,396 [DEBUG] - Falling back to TensorFlow client; we recommended you install the Cloud TPU client directly with pip install cloud-tpu-client.
2025-02-19 13:54:21,520 [DEBUG] - Creating converter from 7 to 5
2025-02-19 13:54:21,520 [DEBUG] - Creating converter from 5 to 7
2025-02-19 13:54:21,520 [DEBUG] - Creating converter from 7 to 5
2025-02-19 13:54:21,520 [DEBUG] - Creating converter from 5 to 7
2025-02-19 13:54:21,991 [DEBUG] - Creating converter from 3 to 5
2025-02-19 13:54:22,449 [WARNING] - Compiled the loaded model, but the compiled metrics have yet to be built. `model.compile_metrics` will be empty until you train or evaluate the model.
2025-02-19 13:54:22,478 [WARNING] -  * Debugger is active!
2025-02-19 13:54:22,479 [INFO] -  * Debugger PIN: 110-150-513
2025-02-19 13:54:29,188 [INFO] - 127.0.0.1 - - [19/Feb/2025 13:54:29] "[35m[1mPOST /modules/create HTTP/1.1[0m" 201 -
2025-02-19 13:54:40,408 [INFO] - 127.0.0.1 - - [19/Feb/2025 13:54:40] "[31m[1mPOST /modules/create HTTP/1.1[0m" 400 -
2025-02-19 13:54:46,012 [INFO] - 127.0.0.1 - - [19/Feb/2025 13:54:46] "[35m[1mPOST /modules/create HTTP/1.1[0m" 201 -
2025-02-19 13:54:52,585 [INFO] - 127.0.0.1 - - [19/Feb/2025 13:54:52] "[31m[1mPOST /modules/create HTTP/1.1[0m" 400 -
2025-02-19 13:55:04,692 [INFO] - 127.0.0.1 - - [19/Feb/2025 13:55:04] "[31m[1mPOST /modules/create HTTP/1.1[0m" 400 -
2025-02-19 13:55:49,515 [INFO] - 127.0.0.1 - - [19/Feb/2025 13:55:49] "[35m[1mPOST /modules/create HTTP/1.1[0m" 201 -
2025-02-19 13:55:54,297 [INFO] - 127.0.0.1 - - [19/Feb/2025 13:55:54] "[35m[1mPOST /modules/create HTTP/1.1[0m" 201 -
2025-02-19 13:56:01,624 [INFO] - 127.0.0.1 - - [19/Feb/2025 13:56:01] "[33mPOST /modules/create HTTP/1.1[0m" 404 -
2025-02-19 13:56:09,836 [INFO] - 127.0.0.1 - - [19/Feb/2025 13:56:09] "[33mPOST /modules/create HTTP/1.1[0m" 404 -
2025-02-19 13:56:16,029 [INFO] - 127.0.0.1 - - [19/Feb/2025 13:56:16] "[35m[1mPOST /modules/create HTTP/1.1[0m" 201 -
2025-02-19 13:56:31,168 [INFO] - 127.0.0.1 - - [19/Feb/2025 13:56:31] "[35m[1mPOST /modules/create HTTP/1.1[0m" 201 -
2025-02-19 13:56:32,080 [INFO] - 127.0.0.1 - - [19/Feb/2025 13:56:32] "[35m[1mPOST /modules/create HTTP/1.1[0m" 201 -
2025-02-19 13:56:32,860 [INFO] - 127.0.0.1 - - [19/Feb/2025 13:56:32] "[35m[1mPOST /modules/create HTTP/1.1[0m" 201 -
2025-02-19 13:56:33,560 [INFO] - 127.0.0.1 - - [19/Feb/2025 13:56:33] "[35m[1mPOST /modules/create HTTP/1.1[0m" 201 -
2025-02-19 13:59:28,139 [INFO] -  * Detected change in '/home/juste/appython/recycy/app/routes/main/school_routes.py', reloading
2025-02-19 13:59:28,548 [INFO] -  * Restarting with stat
2025-02-19 13:59:29,328 [DEBUG] - Falling back to TensorFlow client; we recommended you install the Cloud TPU client directly with pip install cloud-tpu-client.
2025-02-19 13:59:29,437 [DEBUG] - Creating converter from 7 to 5
2025-02-19 13:59:29,437 [DEBUG] - Creating converter from 5 to 7
2025-02-19 13:59:29,437 [DEBUG] - Creating converter from 7 to 5
2025-02-19 13:59:29,437 [DEBUG] - Creating converter from 5 to 7
2025-02-19 13:59:29,843 [DEBUG] - Creating converter from 3 to 5
2025-02-19 13:59:30,327 [WARNING] - Compiled the loaded model, but the compiled metrics have yet to be built. `model.compile_metrics` will be empty until you train or evaluate the model.
2025-02-19 13:59:30,357 [WARNING] -  * Debugger is active!
2025-02-19 13:59:30,359 [INFO] -  * Debugger PIN: 110-150-513
2025-02-19 14:00:11,256 [INFO] -  * Detected change in '/home/juste/appython/recycy/app/routes/main/main_routes.py', reloading
2025-02-19 14:00:11,680 [INFO] -  * Restarting with stat
2025-02-19 14:00:12,561 [DEBUG] - Falling back to TensorFlow client; we recommended you install the Cloud TPU client directly with pip install cloud-tpu-client.
2025-02-19 14:00:12,678 [DEBUG] - Creating converter from 7 to 5
2025-02-19 14:00:12,678 [DEBUG] - Creating converter from 5 to 7
2025-02-19 14:00:12,678 [DEBUG] - Creating converter from 7 to 5
2025-02-19 14:00:12,678 [DEBUG] - Creating converter from 5 to 7
2025-02-19 14:00:13,118 [DEBUG] - Creating converter from 3 to 5
2025-02-19 14:00:13,595 [WARNING] - Compiled the loaded model, but the compiled metrics have yet to be built. `model.compile_metrics` will be empty until you train or evaluate the model.
2025-02-19 14:00:13,625 [WARNING] -  * Debugger is active!
2025-02-19 14:00:13,626 [INFO] -  * Debugger PIN: 110-150-513
2025-02-19 14:00:51,959 [DEBUG] - STREAM b'IHDR' 16 13
2025-02-19 14:00:51,959 [DEBUG] - STREAM b'tEXt' 41 57
2025-02-19 14:00:51,959 [DEBUG] - STREAM b'pHYs' 110 9
2025-02-19 14:00:51,959 [DEBUG] - STREAM b'IDAT' 131 65536
2025-02-19 14:00:52,625 [INFO] - 127.0.0.1 - - [19/Feb/2025 14:00:52] "POST /waste/classify HTTP/1.1" 200 -
2025-02-19 14:04:45,633 [INFO] - 127.0.0.1 - - [19/Feb/2025 14:04:45] "[31m[1mPOST /auth/register HTTP/1.1[0m" 400 -
2025-02-19 14:04:52,986 [INFO] - 127.0.0.1 - - [19/Feb/2025 14:04:52] "[35m[1mPOST /auth/register HTTP/1.1[0m" 201 -
2025-02-19 14:05:05,232 [INFO] - 127.0.0.1 - - [19/Feb/2025 14:05:05] "[31m[1mPOST /auth/register HTTP/1.1[0m" 400 -
2025-02-19 14:05:10,751 [INFO] - 127.0.0.1 - - [19/Feb/2025 14:05:10] "[35m[1mPOST /auth/register HTTP/1.1[0m" 201 -
2025-02-19 14:05:57,025 [INFO] -  * Detected change in '/home/juste/appython/recycy/app/models/user.py', reloading
2025-02-19 14:05:57,479 [INFO] -  * Restarting with stat
2025-02-19 14:05:58,222 [DEBUG] - Falling back to TensorFlow client; we recommended you install the Cloud TPU client directly with pip install cloud-tpu-client.
2025-02-19 14:05:58,322 [DEBUG] - Creating converter from 7 to 5
2025-02-19 14:05:58,322 [DEBUG] - Creating converter from 5 to 7
2025-02-19 14:05:58,322 [DEBUG] - Creating converter from 7 to 5
2025-02-19 14:05:58,322 [DEBUG] - Creating converter from 5 to 7
2025-02-19 14:05:58,719 [DEBUG] - Creating converter from 3 to 5
2025-02-19 14:05:59,149 [WARNING] - Compiled the loaded model, but the compiled metrics have yet to be built. `model.compile_metrics` will be empty until you train or evaluate the model.
2025-02-19 14:05:59,175 [WARNING] -  * Debugger is active!
2025-02-19 14:05:59,177 [INFO] -  * Debugger PIN: 110-150-513
2025-02-19 14:06:47,253 [INFO] -  * Detected change in '/home/juste/appython/recycy/app/models/user.py', reloading
2025-02-19 14:06:47,625 [INFO] -  * Restarting with stat
2025-02-19 14:06:48,414 [DEBUG] - Falling back to TensorFlow client; we recommended you install the Cloud TPU client directly with pip install cloud-tpu-client.
2025-02-19 14:06:48,537 [DEBUG] - Creating converter from 7 to 5
2025-02-19 14:06:48,537 [DEBUG] - Creating converter from 5 to 7
2025-02-19 14:06:48,537 [DEBUG] - Creating converter from 7 to 5
2025-02-19 14:06:48,537 [DEBUG] - Creating converter from 5 to 7
2025-02-19 14:06:48,973 [DEBUG] - Creating converter from 3 to 5
2025-02-19 14:06:49,445 [WARNING] - Compiled the loaded model, but the compiled metrics have yet to be built. `model.compile_metrics` will be empty until you train or evaluate the model.
2025-02-19 14:06:49,472 [WARNING] -  * Debugger is active!
2025-02-19 14:06:49,474 [INFO] -  * Debugger PIN: 110-150-513
2025-02-19 14:08:18,411 [INFO] -  * Detected change in '/home/juste/appython/recycy/app/models/user.py', reloading
2025-02-19 14:08:18,896 [INFO] -  * Restarting with stat
2025-02-19 14:10:32,244 [DEBUG] - Falling back to TensorFlow client; we recommended you install the Cloud TPU client directly with pip install cloud-tpu-client.
2025-02-19 14:10:32,372 [DEBUG] - Creating converter from 7 to 5
2025-02-19 14:10:32,372 [DEBUG] - Creating converter from 5 to 7
2025-02-19 14:10:32,372 [DEBUG] - Creating converter from 7 to 5
2025-02-19 14:10:32,372 [DEBUG] - Creating converter from 5 to 7
2025-02-19 14:10:32,807 [DEBUG] - Creating converter from 3 to 5
2025-02-19 14:10:33,269 [WARNING] - Compiled the loaded model, but the compiled metrics have yet to be built. `model.compile_metrics` will be empty until you train or evaluate the model.
2025-02-19 14:10:33,297 [INFO] - [31m[1mWARNING: This is a development server. Do not use it in a production deployment. Use a production WSGI server instead.[0m
 * Running on all addresses (0.0.0.0)
 * Running on http://127.0.0.1:5000
 * Running on http://192.168.10.106:5000
2025-02-19 14:10:33,297 [INFO] - [33mPress CTRL+C to quit[0m
2025-02-19 14:10:33,297 [INFO] -  * Restarting with stat
2025-02-19 14:10:34,025 [DEBUG] - Falling back to TensorFlow client; we recommended you install the Cloud TPU client directly with pip install cloud-tpu-client.
2025-02-19 14:10:34,133 [DEBUG] - Creating converter from 7 to 5
2025-02-19 14:10:34,133 [DEBUG] - Creating converter from 5 to 7
2025-02-19 14:10:34,133 [DEBUG] - Creating converter from 7 to 5
2025-02-19 14:10:34,133 [DEBUG] - Creating converter from 5 to 7
2025-02-19 14:10:34,530 [DEBUG] - Creating converter from 3 to 5
2025-02-19 14:10:34,972 [WARNING] - Compiled the loaded model, but the compiled metrics have yet to be built. `model.compile_metrics` will be empty until you train or evaluate the model.
2025-02-19 14:10:35,001 [WARNING] -  * Debugger is active!
2025-02-19 14:10:35,004 [INFO] -  * Debugger PIN: 110-150-513
2025-02-19 14:17:08,759 [DEBUG] - Falling back to TensorFlow client; we recommended you install the Cloud TPU client directly with pip install cloud-tpu-client.
2025-02-19 14:17:08,903 [DEBUG] - Creating converter from 7 to 5
2025-02-19 14:17:08,903 [DEBUG] - Creating converter from 5 to 7
2025-02-19 14:17:08,903 [DEBUG] - Creating converter from 7 to 5
2025-02-19 14:17:08,903 [DEBUG] - Creating converter from 5 to 7
2025-02-19 14:17:09,269 [DEBUG] - Creating converter from 3 to 5
2025-02-19 14:17:09,718 [WARNING] - Compiled the loaded model, but the compiled metrics have yet to be built. `model.compile_metrics` will be empty until you train or evaluate the model.
2025-02-19 14:17:09,747 [INFO] - [31m[1mWARNING: This is a development server. Do not use it in a production deployment. Use a production WSGI server instead.[0m
 * Running on all addresses (0.0.0.0)
 * Running on http://127.0.0.1:5000
 * Running on http://192.168.10.106:5000
2025-02-19 14:17:09,747 [INFO] - [33mPress CTRL+C to quit[0m
2025-02-19 14:17:09,748 [INFO] -  * Restarting with stat
2025-02-19 14:17:10,533 [DEBUG] - Falling back to TensorFlow client; we recommended you install the Cloud TPU client directly with pip install cloud-tpu-client.
2025-02-19 14:17:10,680 [DEBUG] - Creating converter from 7 to 5
2025-02-19 14:17:10,680 [DEBUG] - Creating converter from 5 to 7
2025-02-19 14:17:10,680 [DEBUG] - Creating converter from 7 to 5
2025-02-19 14:17:10,680 [DEBUG] - Creating converter from 5 to 7
2025-02-19 14:17:11,026 [DEBUG] - Creating converter from 3 to 5
2025-02-19 14:17:11,440 [WARNING] - Compiled the loaded model, but the compiled metrics have yet to be built. `model.compile_metrics` will be empty until you train or evaluate the model.
2025-02-19 14:17:11,465 [WARNING] -  * Debugger is active!
2025-02-19 14:17:11,466 [INFO] -  * Debugger PIN: 110-150-513
2025-02-19 14:18:27,905 [INFO] - 127.0.0.1 - - [19/Feb/2025 14:18:27] "[35m[1mPOST /auth/register HTTP/1.1[0m" 500 -
2025-02-19 14:19:10,751 [DEBUG] - Falling back to TensorFlow client; we recommended you install the Cloud TPU client directly with pip install cloud-tpu-client.
2025-02-19 14:19:10,898 [DEBUG] - Creating converter from 7 to 5
2025-02-19 14:19:10,898 [DEBUG] - Creating converter from 5 to 7
2025-02-19 14:19:10,898 [DEBUG] - Creating converter from 7 to 5
2025-02-19 14:19:10,898 [DEBUG] - Creating converter from 5 to 7
2025-02-19 14:19:11,254 [DEBUG] - Creating converter from 3 to 5
2025-02-19 14:19:11,663 [WARNING] - Compiled the loaded model, but the compiled metrics have yet to be built. `model.compile_metrics` will be empty until you train or evaluate the model.
2025-02-19 14:19:55,457 [DEBUG] - Falling back to TensorFlow client; we recommended you install the Cloud TPU client directly with pip install cloud-tpu-client.
2025-02-19 14:19:55,622 [DEBUG] - Creating converter from 7 to 5
2025-02-19 14:19:55,622 [DEBUG] - Creating converter from 5 to 7
2025-02-19 14:19:55,622 [DEBUG] - Creating converter from 7 to 5
2025-02-19 14:19:55,622 [DEBUG] - Creating converter from 5 to 7
2025-02-19 14:19:55,999 [DEBUG] - Creating converter from 3 to 5
2025-02-19 14:19:56,419 [WARNING] - Compiled the loaded model, but the compiled metrics have yet to be built. `model.compile_metrics` will be empty until you train or evaluate the model.
2025-02-19 14:21:02,125 [DEBUG] - Falling back to TensorFlow client; we recommended you install the Cloud TPU client directly with pip install cloud-tpu-client.
2025-02-19 14:21:02,270 [DEBUG] - Creating converter from 7 to 5
2025-02-19 14:21:02,270 [DEBUG] - Creating converter from 5 to 7
2025-02-19 14:21:02,270 [DEBUG] - Creating converter from 7 to 5
2025-02-19 14:21:02,270 [DEBUG] - Creating converter from 5 to 7
2025-02-19 14:21:02,620 [DEBUG] - Creating converter from 3 to 5
2025-02-19 14:21:03,026 [WARNING] - Compiled the loaded model, but the compiled metrics have yet to be built. `model.compile_metrics` will be empty until you train or evaluate the model.
2025-02-19 14:21:03,053 [INFO] - [31m[1mWARNING: This is a development server. Do not use it in a production deployment. Use a production WSGI server instead.[0m
 * Running on all addresses (0.0.0.0)
 * Running on http://127.0.0.1:5000
 * Running on http://192.168.10.106:5000
2025-02-19 14:21:03,053 [INFO] - [33mPress CTRL+C to quit[0m
2025-02-19 14:21:03,054 [INFO] -  * Restarting with stat
2025-02-19 14:21:03,879 [DEBUG] - Falling back to TensorFlow client; we recommended you install the Cloud TPU client directly with pip install cloud-tpu-client.
2025-02-19 14:21:04,034 [DEBUG] - Creating converter from 7 to 5
2025-02-19 14:21:04,034 [DEBUG] - Creating converter from 5 to 7
2025-02-19 14:21:04,034 [DEBUG] - Creating converter from 7 to 5
2025-02-19 14:21:04,034 [DEBUG] - Creating converter from 5 to 7
2025-02-19 14:21:04,409 [DEBUG] - Creating converter from 3 to 5
2025-02-19 14:21:04,850 [WARNING] - Compiled the loaded model, but the compiled metrics have yet to be built. `model.compile_metrics` will be empty until you train or evaluate the model.
2025-02-19 14:21:04,880 [WARNING] -  * Debugger is active!
2025-02-19 14:21:04,881 [INFO] -  * Debugger PIN: 110-150-513
2025-02-19 14:21:07,409 [INFO] - 127.0.0.1 - - [19/Feb/2025 14:21:07] "[35m[1mPOST /auth/register HTTP/1.1[0m" 500 -
2025-02-19 14:21:39,624 [INFO] - 127.0.0.1 - - [19/Feb/2025 14:21:39] "[35m[1mPOST /auth/register HTTP/1.1[0m" 500 -
2025-02-19 14:23:35,255 [INFO] -  * Detected change in '/home/juste/appython/recycy/app/models/user.py', reloading
2025-02-19 14:23:35,688 [INFO] -  * Restarting with stat
2025-02-19 14:23:36,530 [DEBUG] - Falling back to TensorFlow client; we recommended you install the Cloud TPU client directly with pip install cloud-tpu-client.
2025-02-19 14:23:36,706 [DEBUG] - Creating converter from 7 to 5
2025-02-19 14:23:36,706 [DEBUG] - Creating converter from 5 to 7
2025-02-19 14:23:36,706 [DEBUG] - Creating converter from 7 to 5
2025-02-19 14:23:36,706 [DEBUG] - Creating converter from 5 to 7
2025-02-19 14:23:37,152 [DEBUG] - Creating converter from 3 to 5
2025-02-19 14:23:37,626 [WARNING] - Compiled the loaded model, but the compiled metrics have yet to be built. `model.compile_metrics` will be empty until you train or evaluate the model.
2025-02-19 14:23:37,654 [WARNING] -  * Debugger is active!
2025-02-19 14:23:37,656 [INFO] -  * Debugger PIN: 110-150-513
2025-02-19 14:24:05,851 [DEBUG] - Falling back to TensorFlow client; we recommended you install the Cloud TPU client directly with pip install cloud-tpu-client.
2025-02-19 14:24:06,032 [DEBUG] - Creating converter from 7 to 5
2025-02-19 14:24:06,033 [DEBUG] - Creating converter from 5 to 7
2025-02-19 14:24:06,033 [DEBUG] - Creating converter from 7 to 5
2025-02-19 14:24:06,033 [DEBUG] - Creating converter from 5 to 7
2025-02-19 14:24:06,468 [DEBUG] - Creating converter from 3 to 5
2025-02-19 14:24:06,886 [WARNING] - Compiled the loaded model, but the compiled metrics have yet to be built. `model.compile_metrics` will be empty until you train or evaluate the model.
2025-02-19 14:24:16,177 [DEBUG] - Falling back to TensorFlow client; we recommended you install the Cloud TPU client directly with pip install cloud-tpu-client.
2025-02-19 14:24:16,330 [DEBUG] - Creating converter from 7 to 5
2025-02-19 14:24:16,331 [DEBUG] - Creating converter from 5 to 7
2025-02-19 14:24:16,331 [DEBUG] - Creating converter from 7 to 5
2025-02-19 14:24:16,331 [DEBUG] - Creating converter from 5 to 7
2025-02-19 14:24:16,690 [DEBUG] - Creating converter from 3 to 5
2025-02-19 14:24:17,097 [WARNING] - Compiled the loaded model, but the compiled metrics have yet to be built. `model.compile_metrics` will be empty until you train or evaluate the model.
2025-02-19 14:25:22,328 [DEBUG] - Falling back to TensorFlow client; we recommended you install the Cloud TPU client directly with pip install cloud-tpu-client.
2025-02-19 14:25:22,480 [DEBUG] - Creating converter from 7 to 5
2025-02-19 14:25:22,480 [DEBUG] - Creating converter from 5 to 7
2025-02-19 14:25:22,480 [DEBUG] - Creating converter from 7 to 5
2025-02-19 14:25:22,480 [DEBUG] - Creating converter from 5 to 7
2025-02-19 14:25:22,835 [DEBUG] - Creating converter from 3 to 5
2025-02-19 14:25:23,257 [WARNING] - Compiled the loaded model, but the compiled metrics have yet to be built. `model.compile_metrics` will be empty until you train or evaluate the model.
2025-02-19 14:25:34,459 [DEBUG] - Falling back to TensorFlow client; we recommended you install the Cloud TPU client directly with pip install cloud-tpu-client.
2025-02-19 14:25:34,621 [DEBUG] - Creating converter from 7 to 5
2025-02-19 14:25:34,621 [DEBUG] - Creating converter from 5 to 7
2025-02-19 14:25:34,621 [DEBUG] - Creating converter from 7 to 5
2025-02-19 14:25:34,621 [DEBUG] - Creating converter from 5 to 7
2025-02-19 14:25:35,013 [DEBUG] - Creating converter from 3 to 5
2025-02-19 14:25:35,484 [WARNING] - Compiled the loaded model, but the compiled metrics have yet to be built. `model.compile_metrics` will be empty until you train or evaluate the model.
2025-02-19 14:25:35,512 [INFO] - [31m[1mWARNING: This is a development server. Do not use it in a production deployment. Use a production WSGI server instead.[0m
 * Running on all addresses (0.0.0.0)
 * Running on http://127.0.0.1:5000
 * Running on http://192.168.10.106:5000
2025-02-19 14:25:35,512 [INFO] - [33mPress CTRL+C to quit[0m
2025-02-19 14:25:35,513 [INFO] -  * Restarting with stat
2025-02-19 14:25:36,344 [DEBUG] - Falling back to TensorFlow client; we recommended you install the Cloud TPU client directly with pip install cloud-tpu-client.
2025-02-19 14:25:36,503 [DEBUG] - Creating converter from 7 to 5
2025-02-19 14:25:36,503 [DEBUG] - Creating converter from 5 to 7
2025-02-19 14:25:36,503 [DEBUG] - Creating converter from 7 to 5
2025-02-19 14:25:36,503 [DEBUG] - Creating converter from 5 to 7
2025-02-19 14:25:36,867 [DEBUG] - Creating converter from 3 to 5
2025-02-19 14:25:37,357 [WARNING] - Compiled the loaded model, but the compiled metrics have yet to be built. `model.compile_metrics` will be empty until you train or evaluate the model.
2025-02-19 14:25:37,385 [WARNING] -  * Debugger is active!
2025-02-19 14:25:37,387 [INFO] -  * Debugger PIN: 110-150-513
2025-02-19 14:25:38,490 [INFO] - 127.0.0.1 - - [19/Feb/2025 14:25:38] "[31m[1mPOST /auth/register HTTP/1.1[0m" 400 -
2025-02-19 14:26:10,732 [DEBUG] - Falling back to TensorFlow client; we recommended you install the Cloud TPU client directly with pip install cloud-tpu-client.
2025-02-19 14:26:10,885 [DEBUG] - Creating converter from 7 to 5
2025-02-19 14:26:10,886 [DEBUG] - Creating converter from 5 to 7
2025-02-19 14:26:10,886 [DEBUG] - Creating converter from 7 to 5
2025-02-19 14:26:10,886 [DEBUG] - Creating converter from 5 to 7
2025-02-19 14:26:11,250 [DEBUG] - Creating converter from 3 to 5
2025-02-19 14:26:11,659 [WARNING] - Compiled the loaded model, but the compiled metrics have yet to be built. `model.compile_metrics` will be empty until you train or evaluate the model.
2025-02-19 14:27:59,045 [INFO] - 127.0.0.1 - - [19/Feb/2025 14:27:59] "[35m[1mPOST /auth/register HTTP/1.1[0m" 201 -
2025-02-19 14:29:09,413 [INFO] -  * Detected change in '/home/juste/appython/recycy/app/routes/auth/auth_routes.py', reloading
2025-02-19 14:29:09,888 [INFO] -  * Restarting with stat
2025-02-19 14:29:10,729 [DEBUG] - Falling back to TensorFlow client; we recommended you install the Cloud TPU client directly with pip install cloud-tpu-client.
2025-02-19 14:29:10,873 [DEBUG] - Creating converter from 7 to 5
2025-02-19 14:29:10,873 [DEBUG] - Creating converter from 5 to 7
2025-02-19 14:29:10,873 [DEBUG] - Creating converter from 7 to 5
2025-02-19 14:29:10,873 [DEBUG] - Creating converter from 5 to 7
2025-02-19 14:29:11,253 [DEBUG] - Creating converter from 3 to 5
2025-02-19 14:29:11,675 [WARNING] - Compiled the loaded model, but the compiled metrics have yet to be built. `model.compile_metrics` will be empty until you train or evaluate the model.
2025-02-19 14:29:11,701 [WARNING] -  * Debugger is active!
2025-02-19 14:29:11,703 [INFO] -  * Debugger PIN: 110-150-513
2025-02-19 14:29:14,767 [INFO] - 127.0.0.1 - - [19/Feb/2025 14:29:14] "[35m[1mPOST /auth/register HTTP/1.1[0m" 500 -
2025-02-19 14:30:27,406 [INFO] -  * Detected change in '/home/juste/appython/recycy/app/routes/auth/auth_routes.py', reloading
2025-02-19 14:30:27,814 [INFO] -  * Restarting with stat
2025-02-19 14:30:28,718 [DEBUG] - Falling back to TensorFlow client; we recommended you install the Cloud TPU client directly with pip install cloud-tpu-client.
2025-02-19 14:30:28,900 [DEBUG] - Creating converter from 7 to 5
2025-02-19 14:30:28,900 [DEBUG] - Creating converter from 5 to 7
2025-02-19 14:30:28,900 [DEBUG] - Creating converter from 7 to 5
2025-02-19 14:30:28,900 [DEBUG] - Creating converter from 5 to 7
2025-02-19 14:30:29,305 [DEBUG] - Creating converter from 3 to 5
2025-02-19 14:30:29,813 [WARNING] - Compiled the loaded model, but the compiled metrics have yet to be built. `model.compile_metrics` will be empty until you train or evaluate the model.
2025-02-19 14:30:29,845 [WARNING] -  * Debugger is active!
2025-02-19 14:30:29,847 [INFO] -  * Debugger PIN: 110-150-513
2025-02-19 14:30:50,359 [INFO] -  * Detected change in '/home/juste/appython/recycy/app/models/user.py', reloading
2025-02-19 14:30:50,909 [INFO] -  * Restarting with stat
2025-02-19 14:30:51,754 [DEBUG] - Falling back to TensorFlow client; we recommended you install the Cloud TPU client directly with pip install cloud-tpu-client.
2025-02-19 14:30:51,907 [DEBUG] - Creating converter from 7 to 5
2025-02-19 14:30:51,907 [DEBUG] - Creating converter from 5 to 7
2025-02-19 14:30:51,907 [DEBUG] - Creating converter from 7 to 5
2025-02-19 14:30:51,907 [DEBUG] - Creating converter from 5 to 7
2025-02-19 14:30:52,315 [DEBUG] - Creating converter from 3 to 5
2025-02-19 14:30:52,817 [WARNING] - Compiled the loaded model, but the compiled metrics have yet to be built. `model.compile_metrics` will be empty until you train or evaluate the model.
2025-02-19 14:30:52,846 [WARNING] -  * Debugger is active!
2025-02-19 14:30:52,848 [INFO] -  * Debugger PIN: 110-150-513
2025-02-19 14:31:02,067 [INFO] -  * Detected change in '/home/juste/appython/recycy/app/routes/auth/auth_routes.py', reloading
2025-02-19 14:31:02,491 [INFO] -  * Restarting with stat
2025-02-19 14:31:03,365 [DEBUG] - Falling back to TensorFlow client; we recommended you install the Cloud TPU client directly with pip install cloud-tpu-client.
2025-02-19 14:31:03,527 [DEBUG] - Creating converter from 7 to 5
2025-02-19 14:31:03,527 [DEBUG] - Creating converter from 5 to 7
2025-02-19 14:31:03,527 [DEBUG] - Creating converter from 7 to 5
2025-02-19 14:31:03,527 [DEBUG] - Creating converter from 5 to 7
2025-02-19 14:31:03,894 [DEBUG] - Creating converter from 3 to 5
2025-02-19 14:31:04,402 [WARNING] - Compiled the loaded model, but the compiled metrics have yet to be built. `model.compile_metrics` will be empty until you train or evaluate the model.
2025-02-19 14:31:04,433 [WARNING] -  * Debugger is active!
2025-02-19 14:31:04,435 [INFO] -  * Debugger PIN: 110-150-513
2025-02-19 14:32:00,855 [INFO] -  * Detected change in '/home/juste/appython/recycy/app/models/user.py', reloading
2025-02-19 14:32:01,347 [INFO] -  * Restarting with stat
2025-02-19 14:32:02,236 [DEBUG] - Falling back to TensorFlow client; we recommended you install the Cloud TPU client directly with pip install cloud-tpu-client.
2025-02-19 14:32:02,395 [DEBUG] - Creating converter from 7 to 5
2025-02-19 14:32:02,395 [DEBUG] - Creating converter from 5 to 7
2025-02-19 14:32:02,395 [DEBUG] - Creating converter from 7 to 5
2025-02-19 14:32:02,395 [DEBUG] - Creating converter from 5 to 7
2025-02-19 14:32:02,758 [DEBUG] - Creating converter from 3 to 5
2025-02-19 14:32:03,166 [WARNING] - Compiled the loaded model, but the compiled metrics have yet to be built. `model.compile_metrics` will be empty until you train or evaluate the model.
2025-02-19 14:32:03,193 [WARNING] -  * Debugger is active!
2025-02-19 14:32:03,194 [INFO] -  * Debugger PIN: 110-150-513
2025-02-19 14:32:59,853 [DEBUG] - Falling back to TensorFlow client; we recommended you install the Cloud TPU client directly with pip install cloud-tpu-client.
2025-02-19 14:32:59,998 [DEBUG] - Creating converter from 7 to 5
2025-02-19 14:32:59,998 [DEBUG] - Creating converter from 5 to 7
2025-02-19 14:32:59,998 [DEBUG] - Creating converter from 7 to 5
2025-02-19 14:32:59,998 [DEBUG] - Creating converter from 5 to 7
2025-02-19 14:33:00,365 [DEBUG] - Creating converter from 3 to 5
2025-02-19 14:33:00,784 [WARNING] - Compiled the loaded model, but the compiled metrics have yet to be built. `model.compile_metrics` will be empty until you train or evaluate the model.
2025-02-19 14:33:15,394 [DEBUG] - Falling back to TensorFlow client; we recommended you install the Cloud TPU client directly with pip install cloud-tpu-client.
2025-02-19 14:33:15,543 [DEBUG] - Creating converter from 7 to 5
2025-02-19 14:33:15,543 [DEBUG] - Creating converter from 5 to 7
2025-02-19 14:33:15,543 [DEBUG] - Creating converter from 7 to 5
2025-02-19 14:33:15,543 [DEBUG] - Creating converter from 5 to 7
2025-02-19 14:33:15,905 [DEBUG] - Creating converter from 3 to 5
2025-02-19 14:33:16,325 [WARNING] - Compiled the loaded model, but the compiled metrics have yet to be built. `model.compile_metrics` will be empty until you train or evaluate the model.
2025-02-19 14:33:52,093 [DEBUG] - Falling back to TensorFlow client; we recommended you install the Cloud TPU client directly with pip install cloud-tpu-client.
2025-02-19 14:33:52,243 [DEBUG] - Creating converter from 7 to 5
2025-02-19 14:33:52,243 [DEBUG] - Creating converter from 5 to 7
2025-02-19 14:33:52,243 [DEBUG] - Creating converter from 7 to 5
2025-02-19 14:33:52,243 [DEBUG] - Creating converter from 5 to 7
2025-02-19 14:33:52,647 [DEBUG] - Creating converter from 3 to 5
2025-02-19 14:33:53,120 [WARNING] - Compiled the loaded model, but the compiled metrics have yet to be built. `model.compile_metrics` will be empty until you train or evaluate the model.
2025-02-19 14:33:53,147 [INFO] - [31m[1mWARNING: This is a development server. Do not use it in a production deployment. Use a production WSGI server instead.[0m
 * Running on all addresses (0.0.0.0)
 * Running on http://127.0.0.1:5000
 * Running on http://192.168.10.106:5000
2025-02-19 14:33:53,147 [INFO] - [33mPress CTRL+C to quit[0m
2025-02-19 14:33:53,147 [INFO] -  * Restarting with stat
2025-02-19 14:33:53,969 [DEBUG] - Falling back to TensorFlow client; we recommended you install the Cloud TPU client directly with pip install cloud-tpu-client.
2025-02-19 14:33:54,126 [DEBUG] - Creating converter from 7 to 5
2025-02-19 14:33:54,126 [DEBUG] - Creating converter from 5 to 7
2025-02-19 14:33:54,126 [DEBUG] - Creating converter from 7 to 5
2025-02-19 14:33:54,126 [DEBUG] - Creating converter from 5 to 7
2025-02-19 14:33:54,497 [DEBUG] - Creating converter from 3 to 5
2025-02-19 14:33:54,897 [WARNING] - Compiled the loaded model, but the compiled metrics have yet to be built. `model.compile_metrics` will be empty until you train or evaluate the model.
2025-02-19 14:33:54,923 [WARNING] -  * Debugger is active!
2025-02-19 14:33:54,925 [INFO] -  * Debugger PIN: 110-150-513
2025-02-19 14:33:58,151 [INFO] - 127.0.0.1 - - [19/Feb/2025 14:33:58] "[31m[1mPOST /auth/register HTTP/1.1[0m" 400 -
2025-02-19 14:34:06,486 [INFO] - 127.0.0.1 - - [19/Feb/2025 14:34:06] "[35m[1mPOST /auth/register HTTP/1.1[0m" 500 -
2025-02-19 14:34:42,004 [INFO] -  * Detected change in '/home/juste/appython/recycy/app/routes/auth/auth_routes.py', reloading
2025-02-19 14:34:42,390 [INFO] -  * Restarting with stat
2025-02-19 14:34:43,189 [DEBUG] - Falling back to TensorFlow client; we recommended you install the Cloud TPU client directly with pip install cloud-tpu-client.
2025-02-19 14:34:43,352 [DEBUG] - Creating converter from 7 to 5
2025-02-19 14:34:43,352 [DEBUG] - Creating converter from 5 to 7
2025-02-19 14:34:43,352 [DEBUG] - Creating converter from 7 to 5
2025-02-19 14:34:43,352 [DEBUG] - Creating converter from 5 to 7
2025-02-19 14:34:43,763 [DEBUG] - Creating converter from 3 to 5
2025-02-19 14:34:44,176 [WARNING] - Compiled the loaded model, but the compiled metrics have yet to be built. `model.compile_metrics` will be empty until you train or evaluate the model.
2025-02-19 14:34:44,201 [WARNING] -  * Debugger is active!
2025-02-19 14:34:44,203 [INFO] -  * Debugger PIN: 110-150-513
2025-02-19 14:34:50,021 [INFO] - 127.0.0.1 - - [19/Feb/2025 14:34:50] "[35m[1mPOST /auth/register HTTP/1.1[0m" 500 -
2025-02-19 14:35:08,795 [INFO] -  * Detected change in '/home/juste/appython/recycy/app/routes/auth/auth_routes.py', reloading
2025-02-19 14:35:09,233 [INFO] -  * Restarting with stat
2025-02-19 14:35:10,076 [DEBUG] - Falling back to TensorFlow client; we recommended you install the Cloud TPU client directly with pip install cloud-tpu-client.
2025-02-19 14:35:10,233 [DEBUG] - Creating converter from 7 to 5
2025-02-19 14:35:10,234 [DEBUG] - Creating converter from 5 to 7
2025-02-19 14:35:10,234 [DEBUG] - Creating converter from 7 to 5
2025-02-19 14:35:10,234 [DEBUG] - Creating converter from 5 to 7
2025-02-19 14:35:10,639 [DEBUG] - Creating converter from 3 to 5
2025-02-19 14:35:11,100 [WARNING] - Compiled the loaded model, but the compiled metrics have yet to be built. `model.compile_metrics` will be empty until you train or evaluate the model.
2025-02-19 14:35:11,133 [WARNING] -  * Debugger is active!
2025-02-19 14:35:11,134 [INFO] -  * Debugger PIN: 110-150-513
2025-02-19 14:35:16,256 [INFO] -  * Detected change in '/home/juste/appython/recycy/app/routes/auth/auth_routes.py', reloading
2025-02-19 14:35:16,676 [INFO] -  * Restarting with stat
2025-02-19 14:35:17,573 [DEBUG] - Falling back to TensorFlow client; we recommended you install the Cloud TPU client directly with pip install cloud-tpu-client.
2025-02-19 14:35:17,735 [DEBUG] - Creating converter from 7 to 5
2025-02-19 14:35:17,735 [DEBUG] - Creating converter from 5 to 7
2025-02-19 14:35:17,735 [DEBUG] - Creating converter from 7 to 5
2025-02-19 14:35:17,735 [DEBUG] - Creating converter from 5 to 7
2025-02-19 14:35:18,093 [DEBUG] - Creating converter from 3 to 5
2025-02-19 14:35:18,570 [WARNING] - Compiled the loaded model, but the compiled metrics have yet to be built. `model.compile_metrics` will be empty until you train or evaluate the model.
2025-02-19 14:35:18,603 [WARNING] -  * Debugger is active!
2025-02-19 14:35:18,604 [INFO] -  * Debugger PIN: 110-150-513
2025-02-19 14:35:33,958 [INFO] -  * Detected change in '/home/juste/appython/recycy/app/routes/auth/auth_routes.py', reloading
2025-02-19 14:35:34,417 [INFO] -  * Restarting with stat
2025-02-19 14:35:35,355 [DEBUG] - Falling back to TensorFlow client; we recommended you install the Cloud TPU client directly with pip install cloud-tpu-client.
2025-02-19 14:35:35,523 [DEBUG] - Creating converter from 7 to 5
2025-02-19 14:35:35,523 [DEBUG] - Creating converter from 5 to 7
2025-02-19 14:35:35,523 [DEBUG] - Creating converter from 7 to 5
2025-02-19 14:35:35,523 [DEBUG] - Creating converter from 5 to 7
2025-02-19 14:35:35,945 [DEBUG] - Creating converter from 3 to 5
2025-02-19 14:35:36,415 [WARNING] - Compiled the loaded model, but the compiled metrics have yet to be built. `model.compile_metrics` will be empty until you train or evaluate the model.
2025-02-19 14:35:36,441 [WARNING] -  * Debugger is active!
2025-02-19 14:35:36,442 [INFO] -  * Debugger PIN: 110-150-513
2025-02-19 14:35:46,130 [INFO] - 127.0.0.1 - - [19/Feb/2025 14:35:46] "[35m[1mPOST /auth/register HTTP/1.1[0m" 201 -
2025-02-19 14:36:00,022 [INFO] -  * Detected change in '/home/juste/appython/recycy/app/routes/auth/auth_routes.py', reloading
2025-02-19 14:36:00,603 [INFO] -  * Restarting with stat
2025-02-19 14:36:16,270 [DEBUG] - Falling back to TensorFlow client; we recommended you install the Cloud TPU client directly with pip install cloud-tpu-client.
2025-02-19 14:36:16,431 [DEBUG] - Creating converter from 7 to 5
2025-02-19 14:36:16,431 [DEBUG] - Creating converter from 5 to 7
2025-02-19 14:36:16,431 [DEBUG] - Creating converter from 7 to 5
2025-02-19 14:36:16,431 [DEBUG] - Creating converter from 5 to 7
2025-02-19 14:36:16,823 [DEBUG] - Creating converter from 3 to 5
2025-02-19 14:36:17,266 [WARNING] - Compiled the loaded model, but the compiled metrics have yet to be built. `model.compile_metrics` will be empty until you train or evaluate the model.
2025-02-19 14:36:17,297 [INFO] - [31m[1mWARNING: This is a development server. Do not use it in a production deployment. Use a production WSGI server instead.[0m
 * Running on all addresses (0.0.0.0)
 * Running on http://127.0.0.1:5000
 * Running on http://192.168.10.106:5000
2025-02-19 14:36:17,297 [INFO] - [33mPress CTRL+C to quit[0m
2025-02-19 14:36:17,298 [INFO] -  * Restarting with stat
2025-02-19 14:36:18,180 [DEBUG] - Falling back to TensorFlow client; we recommended you install the Cloud TPU client directly with pip install cloud-tpu-client.
2025-02-19 14:36:18,326 [DEBUG] - Creating converter from 7 to 5
2025-02-19 14:36:18,326 [DEBUG] - Creating converter from 5 to 7
2025-02-19 14:36:18,326 [DEBUG] - Creating converter from 7 to 5
2025-02-19 14:36:18,326 [DEBUG] - Creating converter from 5 to 7
2025-02-19 14:36:18,691 [DEBUG] - Creating converter from 3 to 5
2025-02-19 14:36:19,165 [WARNING] - Compiled the loaded model, but the compiled metrics have yet to be built. `model.compile_metrics` will be empty until you train or evaluate the model.
2025-02-19 14:36:19,193 [WARNING] -  * Debugger is active!
2025-02-19 14:36:19,195 [INFO] -  * Debugger PIN: 110-150-513
2025-02-19 14:36:30,355 [INFO] - 127.0.0.1 - - [19/Feb/2025 14:36:30] "[35m[1mPOST /auth/register HTTP/1.1[0m" 500 -
2025-02-19 14:36:53,969 [INFO] -  * Detected change in '/home/juste/appython/recycy/app/routes/auth/auth_routes.py', reloading
2025-02-19 14:36:54,406 [INFO] -  * Restarting with stat
2025-02-19 14:36:55,266 [DEBUG] - Falling back to TensorFlow client; we recommended you install the Cloud TPU client directly with pip install cloud-tpu-client.
2025-02-19 14:36:55,416 [DEBUG] - Creating converter from 7 to 5
2025-02-19 14:36:55,417 [DEBUG] - Creating converter from 5 to 7
2025-02-19 14:36:55,417 [DEBUG] - Creating converter from 7 to 5
2025-02-19 14:36:55,417 [DEBUG] - Creating converter from 5 to 7
2025-02-19 14:36:55,849 [DEBUG] - Creating converter from 3 to 5
2025-02-19 14:36:56,261 [WARNING] - Compiled the loaded model, but the compiled metrics have yet to be built. `model.compile_metrics` will be empty until you train or evaluate the model.
2025-02-19 14:36:56,286 [WARNING] -  * Debugger is active!
2025-02-19 14:36:56,287 [INFO] -  * Debugger PIN: 110-150-513
2025-02-19 14:37:03,918 [INFO] - 127.0.0.1 - - [19/Feb/2025 14:37:03] "[35m[1mPOST /auth/register HTTP/1.1[0m" 201 -
2025-02-19 14:37:38,533 [DEBUG] - Falling back to TensorFlow client; we recommended you install the Cloud TPU client directly with pip install cloud-tpu-client.
2025-02-19 14:37:38,711 [DEBUG] - Creating converter from 7 to 5
2025-02-19 14:37:38,711 [DEBUG] - Creating converter from 5 to 7
2025-02-19 14:37:38,711 [DEBUG] - Creating converter from 7 to 5
2025-02-19 14:37:38,711 [DEBUG] - Creating converter from 5 to 7
2025-02-19 14:37:39,075 [DEBUG] - Creating converter from 3 to 5
2025-02-19 14:37:39,519 [WARNING] - Compiled the loaded model, but the compiled metrics have yet to be built. `model.compile_metrics` will be empty until you train or evaluate the model.
2025-02-19 15:31:25,071 [INFO] -  * Detected change in '/home/juste/appython/recycy/app/models/user.py', reloading
2025-02-19 15:31:25,570 [INFO] -  * Restarting with stat
2025-02-19 15:31:26,514 [DEBUG] - Falling back to TensorFlow client; we recommended you install the Cloud TPU client directly with pip install cloud-tpu-client.
2025-02-19 15:31:26,728 [DEBUG] - Creating converter from 7 to 5
2025-02-19 15:31:26,728 [DEBUG] - Creating converter from 5 to 7
2025-02-19 15:31:26,728 [DEBUG] - Creating converter from 7 to 5
2025-02-19 15:31:26,728 [DEBUG] - Creating converter from 5 to 7
2025-02-19 15:31:27,154 [DEBUG] - Creating converter from 3 to 5
2025-02-19 15:31:27,601 [WARNING] - Compiled the loaded model, but the compiled metrics have yet to be built. `model.compile_metrics` will be empty until you train or evaluate the model.
2025-02-19 15:31:27,627 [WARNING] -  * Debugger is active!
2025-02-19 15:31:27,628 [INFO] -  * Debugger PIN: 110-150-513
2025-02-19 16:16:50,460 [INFO] - 127.0.0.1 - - [19/Feb/2025 16:16:50] "GET /api/spec.html HTTP/1.1" 200 -
2025-02-19 16:16:50,512 [INFO] - 127.0.0.1 - - [19/Feb/2025 16:16:50] "GET /api/spec/_/static/css/highlight.default.css HTTP/1.1" 200 -
2025-02-19 16:16:50,517 [INFO] - 127.0.0.1 - - [19/Feb/2025 16:16:50] "GET /api/spec/_/static/lib/jquery.wiggle.min.js HTTP/1.1" 200 -
2025-02-19 16:16:50,518 [INFO] - 127.0.0.1 - - [19/Feb/2025 16:16:50] "GET /api/spec/_/static/css/screen.css HTTP/1.1" 200 -
2025-02-19 16:16:50,518 [INFO] - 127.0.0.1 - - [19/Feb/2025 16:16:50] "GET /api/spec/_/static/lib/shred.bundle.js HTTP/1.1" 200 -
2025-02-19 16:16:50,519 [INFO] - 127.0.0.1 - - [19/Feb/2025 16:16:50] "GET /api/spec/_/static/lib/jquery.slideto.min.js HTTP/1.1" 200 -
2025-02-19 16:16:50,519 [INFO] - 127.0.0.1 - - [19/Feb/2025 16:16:50] "GET /api/spec/_/static/lib/jquery-1.8.0.min.js HTTP/1.1" 200 -
2025-02-19 16:16:50,519 [INFO] - 127.0.0.1 - - [19/Feb/2025 16:16:50] "GET /api/spec/_/static/lib/jquery.ba-bbq.min.js HTTP/1.1" 200 -
2025-02-19 16:16:50,529 [INFO] - 127.0.0.1 - - [19/Feb/2025 16:16:50] "GET /api/spec/_/static/lib/handlebars-1.0.0.js HTTP/1.1" 200 -
2025-02-19 16:16:50,530 [INFO] - 127.0.0.1 - - [19/Feb/2025 16:16:50] "GET /api/spec/_/static/lib/underscore-min.js HTTP/1.1" 200 -
2025-02-19 16:16:50,531 [INFO] - 127.0.0.1 - - [19/Feb/2025 16:16:50] "GET /api/spec/_/static/lib/backbone-min.js HTTP/1.1" 200 -
2025-02-19 16:16:50,536 [INFO] - 127.0.0.1 - - [19/Feb/2025 16:16:50] "GET /api/spec/_/static/lib/swagger.js HTTP/1.1" 200 -
2025-02-19 16:16:50,581 [INFO] - 127.0.0.1 - - [19/Feb/2025 16:16:50] "GET /api/spec/_/static/swagger-ui.js HTTP/1.1" 200 -
2025-02-19 16:16:50,586 [INFO] - 127.0.0.1 - - [19/Feb/2025 16:16:50] "GET /api/spec/_/static/lib/highlight.7.3.pack.js HTTP/1.1" 200 -
2025-02-19 16:16:50,598 [INFO] - 127.0.0.1 - - [19/Feb/2025 16:16:50] "GET /api/spec/_/static/lib/swagger-oauth.js HTTP/1.1" 200 -
2025-02-19 16:16:50,606 [INFO] - 127.0.0.1 - - [19/Feb/2025 16:16:50] "GET /api/spec/_/static/images/pet_store_api.png HTTP/1.1" 200 -
2025-02-19 16:16:50,607 [INFO] - 127.0.0.1 - - [19/Feb/2025 16:16:50] "GET /api/spec/_/static/images/wordnik_api.png HTTP/1.1" 200 -
2025-02-19 16:16:50,735 [INFO] - 127.0.0.1 - - [19/Feb/2025 16:16:50] "GET /api/spec/_/static/images/logo_small.png HTTP/1.1" 200 -
2025-02-19 16:16:50,751 [INFO] - 127.0.0.1 - - [19/Feb/2025 16:16:50] "GET /api/spec/_/resource_list.json HTTP/1.1" 200 -
2025-02-19 16:16:50,753 [INFO] - 127.0.0.1 - - [19/Feb/2025 16:16:50] "GET /api/spec/_/resource_list.json HTTP/1.1" 200 -
2025-02-19 16:16:50,756 [INFO] - 127.0.0.1 - - [19/Feb/2025 16:16:50] "[33mGET /favicon.ico HTTP/1.1[0m" 404 -
2025-02-19 16:16:50,760 [INFO] - 127.0.0.1 - - [19/Feb/2025 16:16:50] "GET /api/spec HTTP/1.1" 200 -
2025-02-19 16:16:50,763 [INFO] - 127.0.0.1 - - [19/Feb/2025 16:16:50] "GET /api/spec HTTP/1.1" 200 -
2025-02-19 16:16:50,783 [INFO] - 127.0.0.1 - - [19/Feb/2025 16:16:50] "GET /api/spec/_/static/images/throbber.gif HTTP/1.1" 200 -
2025-02-19 16:17:09,639 [INFO] - 127.0.0.1 - - [19/Feb/2025 16:17:09] "[35m[1mGET /challenges HTTP/1.1[0m" 500 -
2025-02-19 16:17:09,653 [INFO] - 127.0.0.1 - - [19/Feb/2025 16:17:09] "GET /api/spec.html?__debugger__=yes&cmd=resource&f=debugger.js&_=1739978229643 HTTP/1.1" 200 -
2025-02-19 16:17:09,660 [INFO] - 127.0.0.1 - - [19/Feb/2025 16:17:09] "GET /api/spec.html?__debugger__=yes&cmd=resource&f=style.css HTTP/1.1" 200 -
2025-02-19 16:17:09,702 [INFO] - 127.0.0.1 - - [19/Feb/2025 16:17:09] "GET /api/spec.html?__debugger__=yes&cmd=resource&f=console.png&s=G95r86VpobQW5C7Qs8L2 HTTP/1.1" 200 -
2025-02-19 16:17:49,265 [INFO] - 127.0.0.1 - - [19/Feb/2025 16:17:49] "GET /schools HTTP/1.1" 200 -
2025-02-19 16:18:02,201 [INFO] - 127.0.0.1 - - [19/Feb/2025 16:18:02] "[31m[1mPOST /schools/create HTTP/1.1[0m" 401 -
2025-02-19 16:18:39,476 [INFO] - 127.0.0.1 - - [19/Feb/2025 16:18:39] "GET /api/spec HTTP/1.1" 200 -
2025-02-19 16:19:13,649 [INFO] - 127.0.0.1 - - [19/Feb/2025 16:19:13] "GET /api/spec/_/resource_list.json HTTP/1.1" 200 -
2025-02-19 16:19:13,652 [INFO] - 127.0.0.1 - - [19/Feb/2025 16:19:13] "GET /api/spec/_/resource_list.json HTTP/1.1" 200 -
2025-02-19 16:19:13,657 [INFO] - 127.0.0.1 - - [19/Feb/2025 16:19:13] "GET /api/spec HTTP/1.1" 200 -
2025-02-19 16:19:13,662 [INFO] - 127.0.0.1 - - [19/Feb/2025 16:19:13] "GET /api/spec HTTP/1.1" 200 -
2025-02-19 16:26:24,245 [INFO] -  * Detected change in '/home/juste/appython/recycy/app/routes/main/challenge_routes.py', reloading
2025-02-19 16:26:24,649 [INFO] -  * Restarting with stat
2025-02-19 16:26:25,463 [DEBUG] - Falling back to TensorFlow client; we recommended you install the Cloud TPU client directly with pip install cloud-tpu-client.
2025-02-19 16:26:25,664 [DEBUG] - Creating converter from 7 to 5
2025-02-19 16:26:25,664 [DEBUG] - Creating converter from 5 to 7
2025-02-19 16:26:25,664 [DEBUG] - Creating converter from 7 to 5
2025-02-19 16:26:25,664 [DEBUG] - Creating converter from 5 to 7
2025-02-19 16:26:26,085 [DEBUG] - Creating converter from 3 to 5
2025-02-19 16:26:26,500 [WARNING] - Compiled the loaded model, but the compiled metrics have yet to be built. `model.compile_metrics` will be empty until you train or evaluate the model.
